This file contains any messages produced by compilers while
running configure, to aid debugging if configure makes a mistake.

It was created by htmlstreamparser configure 0.4, which was
generated by GNU Autoconf 2.68.  Invocation command line was

  $ ./configure --prefix=/home/arjunc77/install/c-stuff

## --------- ##
## Platform. ##
## --------- ##

hostname = arjunc77-ThinkPad-X200
uname -m = i686
uname -r = 3.8.0-23-generic
uname -s = Linux
uname -v = #34-Ubuntu SMP Wed May 29 20:24:54 UTC 2013

/usr/bin/uname -p = unknown
/bin/uname -X     = unknown

/bin/arch              = unknown
/usr/bin/arch -k       = unknown
/usr/convex/getsysinfo = unknown
/usr/bin/hostinfo      = unknown
/bin/machine           = unknown
/usr/bin/oslevel       = unknown
/bin/universe          = unknown

PATH: /usr/lib/lightdm/lightdm
PATH: /usr/local/sbin
PATH: /usr/local/bin
PATH: /usr/sbin
PATH: /usr/bin
PATH: /sbin
PATH: /bin
PATH: /usr/games
PATH: /usr/local/games
PATH: /home/arjunc77/.cabal/bin
PATH: /home/arjunc77/.xmonad/bin


## ----------- ##
## Core tests. ##
## ----------- ##

configure:2271: checking for a BSD-compatible install
configure:2339: result: /usr/bin/install -c
configure:2350: checking whether build environment is sane
configure:2400: result: yes
configure:2541: checking for a thread-safe mkdir -p
configure:2580: result: /bin/mkdir -p
configure:2593: checking for gawk
configure:2609: found /usr/bin/gawk
configure:2620: result: gawk
configure:2631: checking whether make sets $(MAKE)
configure:2653: result: yes
configure:2762: checking build system type
configure:2776: result: i686-pc-linux-gnu
configure:2796: checking host system type
configure:2809: result: i686-pc-linux-gnu
configure:2850: checking how to print strings
configure:2877: result: printf
configure:2910: checking for style of include used by make
configure:2938: result: GNU
configure:3009: checking for gcc
configure:3025: found /usr/bin/gcc
configure:3036: result: gcc
configure:3265: checking for C compiler version
configure:3274: gcc --version >&5
gcc (Ubuntu/Linaro 4.7.3-1ubuntu1) 4.7.3
Copyright (C) 2012 Free Software Foundation, Inc.
This is free software; see the source for copying conditions.  There is NO
warranty; not even for MERCHANTABILITY or FITNESS FOR A PARTICULAR PURPOSE.

configure:3285: $? = 0
configure:3274: gcc -v >&5
Using built-in specs.
COLLECT_GCC=gcc
COLLECT_LTO_WRAPPER=/usr/lib/gcc/i686-linux-gnu/4.7/lto-wrapper
Target: i686-linux-gnu
Configured with: ../src/configure -v --with-pkgversion='Ubuntu/Linaro 4.7.3-1ubuntu1' --with-bugurl=file:///usr/share/doc/gcc-4.7/README.Bugs --enable-languages=c,c++,go,fortran,objc,obj-c++ --prefix=/usr --program-suffix=-4.7 --enable-shared --enable-linker-build-id --libexecdir=/usr/lib --without-included-gettext --enable-threads=posix --with-gxx-include-dir=/usr/include/c++/4.7 --libdir=/usr/lib --enable-nls --with-sysroot=/ --enable-clocale=gnu --enable-libstdcxx-debug --enable-libstdcxx-time=yes --enable-gnu-unique-object --enable-plugin --with-system-zlib --enable-objc-gc --enable-targets=all --with-cloog --enable-cloog-backend=ppl --disable-cloog-version-check --disable-ppl-version-check --enable-multiarch --disable-werror --with-arch-32=i686 --with-multilib-list=m32,m64,mx32 --with-tune=generic --enable-checking=release --build=i686-linux-gnu --host=i686-linux-gnu --target=i686-linux-gnu
Thread model: posix
gcc version 4.7.3 (Ubuntu/Linaro 4.7.3-1ubuntu1) 
configure:3285: $? = 0
configure:3274: gcc -V >&5
gcc: error: unrecognized command line option '-V'
gcc: fatal error: no input files
compilation terminated.
configure:3285: $? = 4
configure:3274: gcc -qversion >&5
gcc: error: unrecognized command line option '-qversion'
gcc: fatal error: no input files
compilation terminated.
configure:3285: $? = 4
configure:3305: checking whether the C compiler works
configure:3327: gcc    conftest.c  >&5
configure:3331: $? = 0
configure:3379: result: yes
configure:3382: checking for C compiler default output file name
configure:3384: result: a.out
configure:3390: checking for suffix of executables
configure:3397: gcc -o conftest    conftest.c  >&5
configure:3401: $? = 0
configure:3423: result: 
configure:3445: checking whether we are cross compiling
configure:3453: gcc -o conftest    conftest.c  >&5
configure:3457: $? = 0
configure:3464: ./conftest
configure:3468: $? = 0
configure:3483: result: no
configure:3488: checking for suffix of object files
configure:3510: gcc -c   conftest.c >&5
configure:3514: $? = 0
configure:3535: result: o
configure:3539: checking whether we are using the GNU C compiler
configure:3558: gcc -c   conftest.c >&5
configure:3558: $? = 0
configure:3567: result: yes
configure:3576: checking whether gcc accepts -g
configure:3596: gcc -c -g  conftest.c >&5
configure:3596: $? = 0
configure:3637: result: yes
configure:3654: checking for gcc option to accept ISO C89
configure:3718: gcc  -c -g -O2  conftest.c >&5
configure:3718: $? = 0
configure:3731: result: none needed
configure:3753: checking dependency style of gcc
configure:3864: result: gcc3
configure:3879: checking for a sed that does not truncate output
configure:3943: result: /bin/sed
configure:3961: checking for grep that handles long lines and -e
configure:4019: result: /bin/grep
configure:4024: checking for egrep
configure:4086: result: /bin/grep -E
configure:4091: checking for fgrep
configure:4153: result: /bin/grep -F
configure:4188: checking for ld used by gcc
configure:4255: result: /usr/bin/ld
configure:4262: checking if the linker (/usr/bin/ld) is GNU ld
configure:4277: result: yes
configure:4289: checking for BSD- or MS-compatible name lister (nm)
configure:4338: result: /usr/bin/nm -B
configure:4468: checking the name lister (/usr/bin/nm -B) interface
configure:4475: gcc -c -g -O2  conftest.c >&5
configure:4478: /usr/bin/nm -B "conftest.o"
configure:4481: output
00000000 B some_variable
configure:4488: result: BSD nm
configure:4491: checking whether ln -s works
configure:4495: result: yes
configure:4503: checking the maximum length of command line arguments
configure:4633: result: 1572864
configure:4650: checking whether the shell understands some XSI constructs
configure:4660: result: yes
configure:4664: checking whether the shell understands "+="
configure:4670: result: yes
configure:4705: checking how to convert i686-pc-linux-gnu file names to i686-pc-linux-gnu format
configure:4745: result: func_convert_file_noop
configure:4752: checking how to convert i686-pc-linux-gnu file names to toolchain format
configure:4772: result: func_convert_file_noop
configure:4779: checking for /usr/bin/ld option to reload object files
configure:4786: result: -r
configure:4860: checking for objdump
configure:4876: found /usr/bin/objdump
configure:4887: result: objdump
configure:4919: checking how to recognize dependent libraries
configure:5121: result: pass_all
configure:5206: checking for dlltool
configure:5236: result: no
configure:5266: checking how to associate runtime and link libraries
configure:5293: result: printf %s\n
configure:5354: checking for ar
configure:5370: found /usr/bin/ar
configure:5381: result: ar
configure:5418: checking for archiver @FILE support
configure:5435: gcc -c -g -O2  conftest.c >&5
configure:5435: $? = 0
configure:5438: ar cru libconftest.a @conftest.lst >&5
configure:5441: $? = 0
configure:5446: ar cru libconftest.a @conftest.lst >&5
ar: conftest.o: No such file or directory
configure:5449: $? = 1
configure:5461: result: @
configure:5519: checking for strip
configure:5535: found /usr/bin/strip
configure:5546: result: strip
configure:5618: checking for ranlib
configure:5634: found /usr/bin/ranlib
configure:5645: result: ranlib
configure:5747: checking command to parse /usr/bin/nm -B output from gcc object
configure:5867: gcc -c -g -O2  conftest.c >&5
configure:5870: $? = 0
configure:5874: /usr/bin/nm -B conftest.o \| sed -n -e 's/^.*[ ]\([ABCDGIRSTW][ABCDGIRSTW]*\)[ ][ ]*\([_A-Za-z][_A-Za-z0-9]*\)$/\1 \2 \2/p' | sed '/ __gnu_lto/d' \> conftest.nm
configure:5877: $? = 0
configure:5943: gcc -o conftest -g -O2   conftest.c conftstm.o >&5
configure:5946: $? = 0
configure:5984: result: ok
configure:6021: checking for sysroot
configure:6051: result: no
configure:6307: checking for mt
configure:6323: found /bin/mt
configure:6334: result: mt
configure:6357: checking if mt is a manifest tool
configure:6363: mt '-?'
configure:6371: result: no
configure:7013: checking how to run the C preprocessor
configure:7044: gcc -E  conftest.c
configure:7044: $? = 0
configure:7058: gcc -E  conftest.c
conftest.c:11:28: fatal error: ac_nonexistent.h: No such file or directory
compilation terminated.
configure:7058: $? = 1
configure: failed program was:
| /* confdefs.h */
| #define PACKAGE_NAME "htmlstreamparser"
| #define PACKAGE_TARNAME "htmlstreamparser"
| #define PACKAGE_VERSION "0.4"
| #define PACKAGE_STRING "htmlstreamparser 0.4"
| #define PACKAGE_BUGREPORT ""
| #define PACKAGE_URL ""
| #define PACKAGE "htmlstreamparser"
| #define VERSION "0.4"
| /* end confdefs.h.  */
| #include <ac_nonexistent.h>
configure:7083: result: gcc -E
configure:7103: gcc -E  conftest.c
configure:7103: $? = 0
configure:7117: gcc -E  conftest.c
conftest.c:11:28: fatal error: ac_nonexistent.h: No such file or directory
compilation terminated.
configure:7117: $? = 1
configure: failed program was:
| /* confdefs.h */
| #define PACKAGE_NAME "htmlstreamparser"
| #define PACKAGE_TARNAME "htmlstreamparser"
| #define PACKAGE_VERSION "0.4"
| #define PACKAGE_STRING "htmlstreamparser 0.4"
| #define PACKAGE_BUGREPORT ""
| #define PACKAGE_URL ""
| #define PACKAGE "htmlstreamparser"
| #define VERSION "0.4"
| /* end confdefs.h.  */
| #include <ac_nonexistent.h>
configure:7146: checking for ANSI C header files
configure:7166: gcc -c -g -O2  conftest.c >&5
configure:7166: $? = 0
configure:7239: gcc -o conftest -g -O2   conftest.c  >&5
configure:7239: $? = 0
configure:7239: ./conftest
configure:7239: $? = 0
configure:7250: result: yes
configure:7263: checking for sys/types.h
configure:7263: gcc -c -g -O2  conftest.c >&5
configure:7263: $? = 0
configure:7263: result: yes
configure:7263: checking for sys/stat.h
configure:7263: gcc -c -g -O2  conftest.c >&5
configure:7263: $? = 0
configure:7263: result: yes
configure:7263: checking for stdlib.h
configure:7263: gcc -c -g -O2  conftest.c >&5
configure:7263: $? = 0
configure:7263: result: yes
configure:7263: checking for string.h
configure:7263: gcc -c -g -O2  conftest.c >&5
configure:7263: $? = 0
configure:7263: result: yes
configure:7263: checking for memory.h
configure:7263: gcc -c -g -O2  conftest.c >&5
configure:7263: $? = 0
configure:7263: result: yes
configure:7263: checking for strings.h
configure:7263: gcc -c -g -O2  conftest.c >&5
configure:7263: $? = 0
configure:7263: result: yes
configure:7263: checking for inttypes.h
configure:7263: gcc -c -g -O2  conftest.c >&5
configure:7263: $? = 0
configure:7263: result: yes
configure:7263: checking for stdint.h
configure:7263: gcc -c -g -O2  conftest.c >&5
configure:7263: $? = 0
configure:7263: result: yes
configure:7263: checking for unistd.h
configure:7263: gcc -c -g -O2  conftest.c >&5
configure:7263: $? = 0
configure:7263: result: yes
configure:7277: checking for dlfcn.h
configure:7277: gcc -c -g -O2  conftest.c >&5
configure:7277: $? = 0
configure:7277: result: yes
configure:7483: checking for objdir
configure:7498: result: .libs
configure:7765: checking if gcc supports -fno-rtti -fno-exceptions
configure:7783: gcc -c -g -O2  -fno-rtti -fno-exceptions conftest.c >&5
cc1: warning: command line option '-fno-rtti' is valid for C++/ObjC++ but not for C [enabled by default]
configure:7787: $? = 0
configure:7800: result: no
configure:8127: checking for gcc option to produce PIC
configure:8134: result: -fPIC -DPIC
configure:8142: checking if gcc PIC flag -fPIC -DPIC works
configure:8160: gcc -c -g -O2  -fPIC -DPIC -DPIC conftest.c >&5
configure:8164: $? = 0
configure:8177: result: yes
configure:8206: checking if gcc static flag -static works
configure:8234: result: yes
configure:8249: checking if gcc supports -c -o file.o
configure:8270: gcc -c -g -O2  -o out/conftest2.o conftest.c >&5
configure:8274: $? = 0
configure:8296: result: yes
configure:8304: checking if gcc supports -c -o file.o
configure:8351: result: yes
configure:8384: checking whether the gcc linker (/usr/bin/ld) supports shared libraries
configure:9541: result: yes
configure:9578: checking whether -lc should be explicitly linked in
configure:9586: gcc -c -g -O2  conftest.c >&5
configure:9589: $? = 0
configure:9604: gcc -shared  -fPIC -DPIC conftest.o  -v -Wl,-soname -Wl,conftest -o conftest 2\>\&1 \| /bin/grep  -lc  \>/dev/null 2\>\&1
configure:9607: $? = 0
configure:9621: result: no
configure:9781: checking dynamic linker characteristics
configure:10292: gcc -o conftest -g -O2   -Wl,-rpath -Wl,/foo conftest.c  >&5
configure:10292: $? = 0
configure:10526: result: GNU/Linux ld.so
configure:10633: checking how to hardcode library paths into programs
configure:10658: result: immediate
configure:11198: checking whether stripping libraries is possible
configure:11203: result: yes
configure:11238: checking if libtool supports shared libraries
configure:11240: result: yes
configure:11243: checking whether to build shared libraries
configure:11264: result: yes
configure:11267: checking whether to build static libraries
configure:11271: result: yes
configure:11361: checking for gcc
configure:11388: result: gcc
configure:11617: checking for C compiler version
configure:11626: gcc --version >&5
gcc (Ubuntu/Linaro 4.7.3-1ubuntu1) 4.7.3
Copyright (C) 2012 Free Software Foundation, Inc.
This is free software; see the source for copying conditions.  There is NO
warranty; not even for MERCHANTABILITY or FITNESS FOR A PARTICULAR PURPOSE.

configure:11637: $? = 0
configure:11626: gcc -v >&5
Using built-in specs.
COLLECT_GCC=gcc
COLLECT_LTO_WRAPPER=/usr/lib/gcc/i686-linux-gnu/4.7/lto-wrapper
Target: i686-linux-gnu
Configured with: ../src/configure -v --with-pkgversion='Ubuntu/Linaro 4.7.3-1ubuntu1' --with-bugurl=file:///usr/share/doc/gcc-4.7/README.Bugs --enable-languages=c,c++,go,fortran,objc,obj-c++ --prefix=/usr --program-suffix=-4.7 --enable-shared --enable-linker-build-id --libexecdir=/usr/lib --without-included-gettext --enable-threads=posix --with-gxx-include-dir=/usr/include/c++/4.7 --libdir=/usr/lib --enable-nls --with-sysroot=/ --enable-clocale=gnu --enable-libstdcxx-debug --enable-libstdcxx-time=yes --enable-gnu-unique-object --enable-plugin --with-system-zlib --enable-objc-gc --enable-targets=all --with-cloog --enable-cloog-backend=ppl --disable-cloog-version-check --disable-ppl-version-check --enable-multiarch --disable-werror --with-arch-32=i686 --with-multilib-list=m32,m64,mx32 --with-tune=generic --enable-checking=release --build=i686-linux-gnu --host=i686-linux-gnu --target=i686-linux-gnu
Thread model: posix
gcc version 4.7.3 (Ubuntu/Linaro 4.7.3-1ubuntu1) 
configure:11637: $? = 0
configure:11626: gcc -V >&5
gcc: error: unrecognized command line option '-V'
gcc: fatal error: no input files
compilation terminated.
configure:11637: $? = 4
configure:11626: gcc -qversion >&5
gcc: error: unrecognized command line option '-qversion'
gcc: fatal error: no input files
compilation terminated.
configure:11637: $? = 4
configure:11641: checking whether we are using the GNU C compiler
configure:11669: result: yes
configure:11678: checking whether gcc accepts -g
configure:11739: result: yes
configure:11756: checking for gcc option to accept ISO C89
configure:11833: result: none needed
configure:11855: checking dependency style of gcc
configure:11966: result: gcc3
configure:11988: checking for stdlib.h
configure:11988: result: yes
configure:11988: checking for string.h
configure:11988: result: yes
configure:12000: checking for inline
configure:12016: gcc -c -g -O2  conftest.c >&5
configure:12016: $? = 0
configure:12024: result: inline
configure:12042: checking for size_t
configure:12042: gcc -c -g -O2  conftest.c >&5
configure:12042: $? = 0
configure:12042: gcc -c -g -O2  conftest.c >&5
conftest.c: In function 'main':
conftest.c:61:21: error: expected expression before ')' token
configure:12042: $? = 1
configure: failed program was:
| /* confdefs.h */
| #define PACKAGE_NAME "htmlstreamparser"
| #define PACKAGE_TARNAME "htmlstreamparser"
| #define PACKAGE_VERSION "0.4"
| #define PACKAGE_STRING "htmlstreamparser 0.4"
| #define PACKAGE_BUGREPORT ""
| #define PACKAGE_URL ""
| #define PACKAGE "htmlstreamparser"
| #define VERSION "0.4"
| #define STDC_HEADERS 1
| #define HAVE_SYS_TYPES_H 1
| #define HAVE_SYS_STAT_H 1
| #define HAVE_STDLIB_H 1
| #define HAVE_STRING_H 1
| #define HAVE_MEMORY_H 1
| #define HAVE_STRINGS_H 1
| #define HAVE_INTTYPES_H 1
| #define HAVE_STDINT_H 1
| #define HAVE_UNISTD_H 1
| #define HAVE_DLFCN_H 1
| #define LT_OBJDIR ".libs/"
| #define HAVE_STDLIB_H 1
| #define HAVE_STRING_H 1
| /* end confdefs.h.  */
| #include <stdio.h>
| #ifdef HAVE_SYS_TYPES_H
| # include <sys/types.h>
| #endif
| #ifdef HAVE_SYS_STAT_H
| # include <sys/stat.h>
| #endif
| #ifdef STDC_HEADERS
| # include <stdlib.h>
| # include <stddef.h>
| #else
| # ifdef HAVE_STDLIB_H
| #  include <stdlib.h>
| # endif
| #endif
| #ifdef HAVE_STRING_H
| # if !defined STDC_HEADERS && defined HAVE_MEMORY_H
| #  include <memory.h>
| # endif
| # include <string.h>
| #endif
| #ifdef HAVE_STRINGS_H
| # include <strings.h>
| #endif
| #ifdef HAVE_INTTYPES_H
| # include <inttypes.h>
| #endif
| #ifdef HAVE_STDINT_H
| # include <stdint.h>
| #endif
| #ifdef HAVE_UNISTD_H
| # include <unistd.h>
| #endif
| int
| main ()
| {
| if (sizeof ((size_t)))
| 	    return 0;
|   ;
|   return 0;
| }
configure:12042: result: yes
configure:12057: checking for stdlib.h
configure:12057: result: yes
configure:12067: checking for GNU libc compatible malloc
configure:12091: gcc -o conftest -g -O2   conftest.c  >&5
configure:12091: $? = 0
configure:12091: ./conftest
configure:12091: $? = 0
configure:12101: result: yes
configure:12124: checking for memset
configure:12124: gcc -o conftest -g -O2   conftest.c  >&5
conftest.c:50:6: warning: conflicting types for built-in function 'memset' [enabled by default]
configure:12124: $? = 0
configure:12124: result: yes
configure:12270: creating ./config.status

## ---------------------- ##
## Running config.status. ##
## ---------------------- ##

This file was extended by htmlstreamparser config.status 0.4, which was
generated by GNU Autoconf 2.68.  Invocation command line was

  CONFIG_FILES    = 
  CONFIG_HEADERS  = 
  CONFIG_LINKS    = 
  CONFIG_COMMANDS = 
  $ ./config.status 

on arjunc77-ThinkPad-X200

config.status:1094: creating Makefile
config.status:1094: creating src/Makefile
config.status:1094: creating config.h
config.status:1275: config.h is unchanged
config.status:1323: executing depfiles commands
config.status:1323: executing libtool commands

## ---------------- ##
## Cache variables. ##
## ---------------- ##

ac_cv_build=i686-pc-linux-gnu
ac_cv_c_compiler_gnu=yes
ac_cv_c_inline=inline
ac_cv_env_CC_set=
ac_cv_env_CC_value=
ac_cv_env_CFLAGS_set=
ac_cv_env_CFLAGS_value=
ac_cv_env_CPPFLAGS_set=
ac_cv_env_CPPFLAGS_value=
ac_cv_env_CPP_set=
ac_cv_env_CPP_value=
ac_cv_env_LDFLAGS_set=
ac_cv_env_LDFLAGS_value=
ac_cv_env_LIBS_set=
ac_cv_env_LIBS_value=
ac_cv_env_build_alias_set=
ac_cv_env_build_alias_value=
ac_cv_env_host_alias_set=
ac_cv_env_host_alias_value=
ac_cv_env_target_alias_set=
ac_cv_env_target_alias_value=
ac_cv_func_malloc_0_nonnull=yes
ac_cv_func_memset=yes
ac_cv_header_dlfcn_h=yes
ac_cv_header_inttypes_h=yes
ac_cv_header_memory_h=yes
ac_cv_header_stdc=yes
ac_cv_header_stdint_h=yes
ac_cv_header_stdlib_h=yes
ac_cv_header_string_h=yes
ac_cv_header_strings_h=yes
ac_cv_header_sys_stat_h=yes
ac_cv_header_sys_types_h=yes
ac_cv_header_unistd_h=yes
ac_cv_host=i686-pc-linux-gnu
ac_cv_objext=o
ac_cv_path_EGREP='/bin/grep -E'
ac_cv_path_FGREP='/bin/grep -F'
ac_cv_path_GREP=/bin/grep
ac_cv_path_SED=/bin/sed
ac_cv_path_install='/usr/bin/install -c'
ac_cv_path_mkdir=/bin/mkdir
ac_cv_prog_AWK=gawk
ac_cv_prog_CPP='gcc -E'
ac_cv_prog_ac_ct_AR=ar
ac_cv_prog_ac_ct_CC=gcc
ac_cv_prog_ac_ct_MANIFEST_TOOL=mt
ac_cv_prog_ac_ct_OBJDUMP=objdump
ac_cv_prog_ac_ct_RANLIB=ranlib
ac_cv_prog_ac_ct_STRIP=strip
ac_cv_prog_cc_c89=
ac_cv_prog_cc_g=yes
ac_cv_prog_make_make_set=yes
ac_cv_type_size_t=yes
am_cv_CC_dependencies_compiler_type=gcc3
lt_cv_ar_at_file=@
lt_cv_archive_cmds_need_lc=no
lt_cv_deplibs_check_method=pass_all
lt_cv_file_magic_cmd='$MAGIC_CMD'
lt_cv_file_magic_test_file=
lt_cv_ld_reload_flag=-r
lt_cv_nm_interface='BSD nm'
lt_cv_objdir=.libs
lt_cv_path_LD=/usr/bin/ld
lt_cv_path_NM='/usr/bin/nm -B'
lt_cv_path_mainfest_tool=no
lt_cv_prog_compiler_c_o=yes
lt_cv_prog_compiler_pic='-fPIC -DPIC'
lt_cv_prog_compiler_pic_works=yes
lt_cv_prog_compiler_rtti_exceptions=no
lt_cv_prog_compiler_static_works=yes
lt_cv_prog_gnu_ld=yes
lt_cv_sharedlib_from_linklib_cmd='printf %s\n'
lt_cv_shlibpath_overrides_runpath=no
lt_cv_sys_global_symbol_pipe='sed -n -e '\''s/^.*[	 ]\([ABCDGIRSTW][ABCDGIRSTW]*\)[	 ][	 ]*\([_A-Za-z][_A-Za-z0-9]*\)$/\1 \2 \2/p'\'' | sed '\''/ __gnu_lto/d'\'''
lt_cv_sys_global_symbol_to_c_name_address='sed -n -e '\''s/^: \([^ ]*\)[ ]*$/  {\"\1\", (void *) 0},/p'\'' -e '\''s/^[ABCDGIRSTW]* \([^ ]*\) \([^ ]*\)$/  {"\2", (void *) \&\2},/p'\'''
lt_cv_sys_global_symbol_to_c_name_address_lib_prefix='sed -n -e '\''s/^: \([^ ]*\)[ ]*$/  {\"\1\", (void *) 0},/p'\'' -e '\''s/^[ABCDGIRSTW]* \([^ ]*\) \(lib[^ ]*\)$/  {"\2", (void *) \&\2},/p'\'' -e '\''s/^[ABCDGIRSTW]* \([^ ]*\) \([^ ]*\)$/  {"lib\2", (void *) \&\2},/p'\'''
lt_cv_sys_global_symbol_to_cdecl='sed -n -e '\''s/^T .* \(.*\)$/extern int \1();/p'\'' -e '\''s/^[ABCDGIRSTW]* .* \(.*\)$/extern char \1;/p'\'''
lt_cv_sys_max_cmd_len=1572864
lt_cv_to_host_file_cmd=func_convert_file_noop
lt_cv_to_tool_file_cmd=func_convert_file_noop

## ----------------- ##
## Output variables. ##
## ----------------- ##

ACLOCAL='${SHELL} /home/arjunc77/work/c-work/http-url-tests/htmlstreamparser-0.4/missing --run aclocal-1.11'
AMDEPBACKSLASH='\'
AMDEP_FALSE='#'
AMDEP_TRUE=''
AMTAR='$${TAR-tar}'
AR='ar'
AUTOCONF='${SHELL} /home/arjunc77/work/c-work/http-url-tests/htmlstreamparser-0.4/missing --run autoconf'
AUTOHEADER='${SHELL} /home/arjunc77/work/c-work/http-url-tests/htmlstreamparser-0.4/missing --run autoheader'
AUTOMAKE='${SHELL} /home/arjunc77/work/c-work/http-url-tests/htmlstreamparser-0.4/missing --run automake-1.11'
AWK='gawk'
CC='gcc'
CCDEPMODE='depmode=gcc3'
CFLAGS='-g -O2'
CPP='gcc -E'
CPPFLAGS=''
CYGPATH_W='echo'
DEFS='-DHAVE_CONFIG_H'
DEPDIR='.deps'
DLLTOOL='false'
DSYMUTIL=''
DUMPBIN=''
ECHO_C=''
ECHO_N='-n'
ECHO_T=''
EGREP='/bin/grep -E'
EXEEXT=''
FGREP='/bin/grep -F'
GREP='/bin/grep'
INSTALL_DATA='${INSTALL} -m 644'
INSTALL_PROGRAM='${INSTALL}'
INSTALL_SCRIPT='${INSTALL}'
INSTALL_STRIP_PROGRAM='$(install_sh) -c -s'
LD='/usr/bin/ld'
LDFLAGS=''
LIBOBJS=''
LIBS=''
LIBTOOL='$(SHELL) $(top_builddir)/libtool'
LIPO=''
LN_S='ln -s'
LTLIBOBJS=''
MAKEINFO='${SHELL} /home/arjunc77/work/c-work/http-url-tests/htmlstreamparser-0.4/missing --run makeinfo'
MANIFEST_TOOL=':'
MKDIR_P='/bin/mkdir -p'
NM='/usr/bin/nm -B'
NMEDIT=''
OBJDUMP='objdump'
OBJEXT='o'
OTOOL64=''
OTOOL=''
PACKAGE='htmlstreamparser'
PACKAGE_BUGREPORT=''
PACKAGE_NAME='htmlstreamparser'
PACKAGE_STRING='htmlstreamparser 0.4'
PACKAGE_TARNAME='htmlstreamparser'
PACKAGE_URL=''
PACKAGE_VERSION='0.4'
PATH_SEPARATOR=':'
RANLIB='ranlib'
SED='/bin/sed'
SET_MAKE=''
SHELL='/bin/bash'
STRIP='strip'
VERSION='0.4'
ac_ct_AR='ar'
ac_ct_CC='gcc'
ac_ct_DUMPBIN=''
am__EXEEXT_FALSE=''
am__EXEEXT_TRUE='#'
am__fastdepCC_FALSE='#'
am__fastdepCC_TRUE=''
am__include='include'
am__isrc=''
am__leading_dot='.'
am__nodep='_no'
am__quote=''
am__tar='$${TAR-tar} chof - "$$tardir"'
am__untar='$${TAR-tar} xf -'
bindir='${exec_prefix}/bin'
build='i686-pc-linux-gnu'
build_alias=''
build_cpu='i686'
build_os='linux-gnu'
build_vendor='pc'
datadir='${datarootdir}'
datarootdir='${prefix}/share'
docdir='${datarootdir}/doc/${PACKAGE_TARNAME}'
dvidir='${docdir}'
exec_prefix='${prefix}'
host='i686-pc-linux-gnu'
host_alias=''
host_cpu='i686'
host_os='linux-gnu'
host_vendor='pc'
htmldir='${docdir}'
includedir='${prefix}/include'
infodir='${datarootdir}/info'
install_sh='${SHELL} /home/arjunc77/work/c-work/http-url-tests/htmlstreamparser-0.4/install-sh'
libdir='${exec_prefix}/lib'
libexecdir='${exec_prefix}/libexec'
localedir='${datarootdir}/locale'
localstatedir='${prefix}/var'
mandir='${datarootdir}/man'
mkdir_p='/bin/mkdir -p'
oldincludedir='/usr/include'
pdfdir='${docdir}'
prefix='/home/arjunc77/install/c-stuff'
program_transform_name='s,x,x,'
psdir='${docdir}'
sbindir='${exec_prefix}/sbin'
sharedstatedir='${prefix}/com'
sysconfdir='${prefix}/etc'
target_alias=''

## ----------- ##
## confdefs.h. ##
## ----------- ##

/* confdefs.h */
#define PACKAGE_NAME "htmlstreamparser"
#define PACKAGE_TARNAME "htmlstreamparser"
#define PACKAGE_VERSION "0.4"
#define PACKAGE_STRING "htmlstreamparser 0.4"
#define PACKAGE_BUGREPORT ""
#define PACKAGE_URL ""
#define PACKAGE "htmlstreamparser"
#define VERSION "0.4"
#define STDC_HEADERS 1
#define HAVE_SYS_TYPES_H 1
#define HAVE_SYS_STAT_H 1
#define HAVE_STDLIB_H 1
#define HAVE_STRING_H 1
#define HAVE_MEMORY_H 1
#define HAVE_STRINGS_H 1
#define HAVE_INTTYPES_H 1
#define HAVE_STDINT_H 1
#define HAVE_UNISTD_H 1
#define HAVE_DLFCN_H 1
#define LT_OBJDIR ".libs/"
#define HAVE_STDLIB_H 1
#define HAVE_STRING_H 1
#define HAVE_STDLIB_H 1
#define HAVE_MALLOC 1
#define HAVE_MEMSET 1

configure: exit 0
